20:10:01.144 skipping bootstrap configuration: could not find or read file: classpath:karate-config.js
20:10:01.159 [print] https://reqres.in/
20:10:01.162 [print] Testing -----
20:10:02.096 [print] 2	
20:10:02.101 [print] api/users?page=2	
20:10:02.106 ignoring dynamic expression, did not evaluate to list: read('classpath:src/test/resources/data/requirement1.xlsx') - [type: INPUT_STREAM, value: java.io.FileInputStream@641bee40]
ddfa88]
es.in/,
test: 'Sathish',
tokenID: '007526d9efdbc07e084ff7a6d4cfcc90588fbe20641c00faebf45a7f3b2eaf33',
tenantId: 'bef53bd4-55fb-4ef0-93f9-553f644805ee',
addEmployeePathParameter:'/v1/ow02323/employee'
}

if (env == 'dev') {
// customize
// e.g. config.foo = 'bar';
} else if (env == 'e2e') {
// customize
}
return config;
}, javax.script.ScriptException: <eval>:11:29 Missing close quote
baseurl1:'https://reqres.in/,
                             ^ in <eval> at line number 11 at column number 29
stack trace: jdk.scripting.nashorn/jdk.nashorn.api.scripting.NashornScriptEngine.throwAsScriptException(NashornScriptEngine.java:477)
stack trace: com.intuit.karate.ScriptBindings.eval(ScriptBindings.java:155)
